parameter file: par.example
### THE INPUT PARAMETERS
##PARAMETER NAME: VALUE
genotypename: ../CONVERTF/example.ped
snpname: ../CONVERTF/example.map
indivname: ../CONVERTF/example.ped
evecoutname: example.evec
evaloutname: example.eval
altnormstyle: NO
numoutevec: 2
familynames: NO
grmoutname: grmjunk
## smartpca version: 18140
norm used

lsqproject used
genotype file processed
snps deleted (nodata): 0.  deletesnpoutname: for detailsnumber of samples used: 5 number of snps used: 7
number of pops for axes: 2
Using 8 threads, and partial sum lookup algorithm.
total number of snps killed in pass: 0  used: 7
grm dumped

## Tracy-Widom statistics: rows: 5  cols: 7
  #N    eigenvalue  difference    twstat      p-value effect. n
   1      3.145365          NA        NA           NA        NA
   2      0.479177   -2.666188        NA           NA        NA
   3      0.279889   -0.199289        NA           NA        NA
   4      0.095570   -0.184319        NA           NA        NA
    kurtosis           snps    indivs
 eigenvector    1     1.271     1.505
 eigenvector    2     1.796     2.127
lsqproj called!
population:   0                 Case    2
population:   1              Control    3
number of blocks for block jackknife: 1
number of blocks 1: no standard error
## end of Fst statistics between populations

fst *1000:
          C     C 
   C      0   415
   C    415     0

std. err.  * 1000000:
          C     C 
   C      0     0
   C      0     0

eigenvector 1:means
                Case     -0.505
             Control      0.336
## Anova statistics for population differences along each eigenvector:
                                              p-value
             eigenvector_1_Case_Control_     0.0262738 
eigenvector 2:means
                Case     -0.084
             Control      0.056
             eigenvector_2_Case_Control_      0.805663 

## Statistical significance of differences beween populations:
                                pop1                  pop2      chisq          p-value   |pop1|   |pop2|
popdifference:                  Case               Control         9.554    0.00842201       2       3

##end of smartpca:        0.029 seconds cpu        0.000 Mbytes in use
